TN:
SF:src/types/streaming.ts
FN:8,(anonymous_0)
FNF:1
FNH:1
FNDA:1,(anonymous_0)
DA:8,1
DA:9,1
DA:10,1
DA:11,1
DA:12,1
DA:13,1
DA:14,1
DA:26,1
LF:8
LH:8
BRDA:8,0,0,1
BRDA:8,0,1,1
BRF:2
BRH:2
end_of_record
TN:
SF:src/utils/streamingValidator.ts
FN:28,(anonymous_0)
FN:42,(anonymous_1)
FN:98,(anonymous_2)
FN:102,(anonymous_3)
FN:109,(anonymous_4)
FN:120,(anonymous_5)
FN:127,(anonymous_6)
FN:134,(anonymous_7)
FN:141,(anonymous_8)
FN:148,(anonymous_9)
FN:156,(anonymous_10)
FN:157,(anonymous_11)
FN:166,(anonymous_12)
FN:173,(anonymous_13)
FN:183,(anonymous_14)
FN:184,(anonymous_15)
FN:200,(anonymous_16)
FN:213,(anonymous_17)
FN:215,(anonymous_18)
FN:233,(anonymous_19)
FN:245,(anonymous_20)
FN:252,(anonymous_21)
FNF:22
FNH:22
FNDA:37,(anonymous_0)
FNDA:82,(anonymous_1)
FNDA:3,(anonymous_2)
FNDA:5,(anonymous_3)
FNDA:9,(anonymous_4)
FNDA:5,(anonymous_5)
FNDA:6,(anonymous_6)
FNDA:5,(anonymous_7)
FNDA:6,(anonymous_8)
FNDA:9,(anonymous_9)
FNDA:3,(anonymous_10)
FNDA:8,(anonymous_11)
FNDA:15,(anonymous_12)
FNDA:3,(anonymous_13)
FNDA:2,(anonymous_14)
FNDA:3,(anonymous_15)
FNDA:4,(anonymous_16)
FNDA:4,(anonymous_17)
FNDA:9,(anonymous_18)
FNDA:4,(anonymous_19)
FNDA:1,(anonymous_20)
FNDA:1,(anonymous_21)
DA:29,37
DA:44,82
DA:45,35
DA:46,1
DA:54,34
DA:58,81
DA:59,1
DA:66,80
DA:67,46
DA:68,46
DA:69,6
DA:78,74
DA:79,13
DA:83,74
DA:84,9
DA:88,74
DA:89,74
DA:91,74
DA:99,3
DA:101,2
DA:102,5
DA:110,9
DA:111,2
DA:114,7
DA:121,5
DA:128,6
DA:135,5
DA:142,6
DA:149,9
DA:157,8
DA:158,3
DA:166,15
DA:174,3
DA:175,1
DA:183,2
DA:184,3
DA:186,2
DA:187,1
DA:193,1
DA:201,4
DA:214,4
DA:215,4
DA:216,9
DA:219,4
DA:234,4
DA:236,3
DA:237,3
DA:239,3
DA:246,1
DA:253,1
LF:50
LH:50
BRDA:44,0,0,35
BRDA:44,0,1,47
BRDA:45,1,0,1
BRDA:45,1,1,34
BRDA:58,2,0,1
BRDA:58,2,1,80
BRDA:66,3,0,46
BRDA:66,3,1,34
BRDA:68,4,0,6
BRDA:68,4,1,40
BRDA:78,5,0,13
BRDA:78,5,1,61
BRDA:83,6,0,9
BRDA:83,6,1,65
BRDA:99,7,0,1
BRDA:99,7,1,2
BRDA:110,8,0,2
BRDA:110,8,1,7
BRDA:174,9,0,1
BRDA:174,9,1,2
BRDA:186,10,0,1
BRDA:186,10,1,1
BRDA:186,11,0,2
BRDA:186,11,1,1
BRDA:216,12,0,9
BRDA:216,12,1,9
BRDA:234,13,0,1
BRDA:234,13,1,3
BRF:28
BRH:28
end_of_record
